2024-10-24 01:46:06,611 - DEBUG - Using proactor: IocpProactor
2024-10-24 01:46:30,287 - DEBUG - Calling on_part_begin with no data
2024-10-24 01:46:30,287 - DEBUG - Calling on_header_field with data[42:61]
2024-10-24 01:46:30,287 - DEBUG - Calling on_header_value with data[63:103]
2024-10-24 01:46:30,287 - DEBUG - Calling on_header_end with no data
2024-10-24 01:46:30,287 - DEBUG - Calling on_header_field with data[105:117]
2024-10-24 01:46:30,287 - DEBUG - Calling on_header_value with data[119:129]
2024-10-24 01:46:30,287 - DEBUG - Calling on_header_end with no data
2024-10-24 01:46:30,288 - DEBUG - Calling on_headers_finished with no data
2024-10-24 01:46:30,288 - DEBUG - Calling on_part_data with data[133:16384]
2024-10-24 01:46:30,288 - DEBUG - Calling on_part_data with data[0:81920]
2024-10-24 01:46:30,289 - DEBUG - Calling on_part_data with data[0:49152]
2024-10-24 01:46:30,290 - DEBUG - Calling on_part_data with data[0:16384]
2024-10-24 01:46:30,290 - DEBUG - Calling on_part_data with data[0:16384]
2024-10-24 01:46:30,290 - DEBUG - Calling on_part_data with data[0:16384]
2024-10-24 01:46:30,290 - DEBUG - Calling on_part_data with data[0:16384]
2024-10-24 01:46:30,291 - DEBUG - Calling on_part_data with data[0:16384]
2024-10-24 01:46:30,291 - DEBUG - Calling on_part_data with data[0:16384]
2024-10-24 01:46:30,291 - DEBUG - Calling on_part_data with data[0:32768]
2024-10-24 01:46:30,292 - DEBUG - Calling on_part_data with data[0:32768]
2024-10-24 01:46:30,292 - DEBUG - Calling on_part_data with data[0:16384]
2024-10-24 01:46:30,292 - DEBUG - Calling on_part_data with data[0:16384]
2024-10-24 01:46:30,292 - DEBUG - Calling on_part_data with data[0:32768]
2024-10-24 01:46:30,292 - DEBUG - Calling on_part_data with data[0:32768]
2024-10-24 01:46:30,293 - DEBUG - Calling on_part_data with data[0:16384]
2024-10-24 01:46:30,293 - DEBUG - Calling on_part_data with data[0:32768]
2024-10-24 01:46:30,293 - DEBUG - Calling on_part_data with data[0:32768]
2024-10-24 01:46:30,293 - DEBUG - Calling on_part_data with data[0:16384]
2024-10-24 01:46:30,293 - DEBUG - Calling on_part_data with data[0:49152]
2024-10-24 01:46:30,294 - DEBUG - Calling on_part_data with data[0:32768]
2024-10-24 01:46:30,294 - DEBUG - Calling on_part_data with data[0:32768]
2024-10-24 01:46:30,294 - DEBUG - Calling on_part_data with data[0:16384]
2024-10-24 01:46:30,294 - DEBUG - Calling on_part_data with data[0:32768]
2024-10-24 01:46:30,294 - DEBUG - Calling on_part_data with data[0:16384]
2024-10-24 01:46:30,295 - DEBUG - Calling on_part_data with data[0:32768]
2024-10-24 01:46:30,295 - DEBUG - Calling on_part_data with data[0:65536]
2024-10-24 01:46:30,295 - DEBUG - Calling on_part_data with data[0:32768]
2024-10-24 01:46:30,296 - DEBUG - Calling on_part_data with data[0:81920]
2024-10-24 01:46:30,296 - DEBUG - Calling on_part_data with data[0:32768]
2024-10-24 01:46:30,297 - DEBUG - Calling on_part_data with data[0:49152]
2024-10-24 01:46:30,297 - DEBUG - Calling on_part_data with data[0:32768]
2024-10-24 01:46:30,297 - DEBUG - Calling on_part_data with data[0:32768]
2024-10-24 01:46:30,297 - DEBUG - Calling on_part_data with data[0:16384]
2024-10-24 01:46:30,299 - DEBUG - Calling on_part_data with data[0:81920]
2024-10-24 01:46:30,306 - DEBUG - Calling on_part_data with data[0:131072]
2024-10-24 01:46:30,307 - DEBUG - Calling on_part_data with data[0:131072]
2024-10-24 01:46:30,307 - DEBUG - Calling on_part_data with data[0:131072]
2024-10-24 01:46:30,308 - DEBUG - Calling on_part_data with data[0:131072]
2024-10-24 01:46:30,308 - DEBUG - Calling on_part_data with data[0:131072]
2024-10-24 01:46:30,309 - DEBUG - Calling on_part_data with data[0:131072]
2024-10-24 01:46:30,309 - DEBUG - Calling on_part_data with data[0:131072]
2024-10-24 01:46:30,310 - DEBUG - Calling on_part_data with data[0:131072]
2024-10-24 01:46:30,310 - DEBUG - Calling on_part_data with data[0:131072]
2024-10-24 01:46:30,311 - DEBUG - Calling on_part_data with data[0:81920]
2024-10-24 01:46:30,311 - DEBUG - Calling on_part_data with data[0:49152]
2024-10-24 01:46:30,311 - DEBUG - Calling on_part_data with data[0:65536]
2024-10-24 01:46:30,312 - DEBUG - Calling on_part_data with data[0:65536]
2024-10-24 01:46:30,312 - DEBUG - Calling on_part_data with data[0:65536]
2024-10-24 01:46:30,313 - DEBUG - Calling on_part_data with data[0:49152]
2024-10-24 01:46:30,313 - DEBUG - Calling on_part_data with data[0:49152]
2024-10-24 01:46:30,314 - DEBUG - Calling on_part_data with data[0:65536]
2024-10-24 01:46:30,314 - DEBUG - Calling on_part_data with data[0:49152]
2024-10-24 01:46:30,314 - DEBUG - Calling on_part_data with data[0:49152]
2024-10-24 01:46:30,315 - DEBUG - Calling on_part_data with data[0:65536]
2024-10-24 01:46:30,315 - DEBUG - Calling on_part_data with data[0:32768]
2024-10-24 01:46:30,316 - DEBUG - Calling on_part_data with data[0:65536]
2024-10-24 01:46:30,316 - DEBUG - Calling on_part_data with data[0:49152]
2024-10-24 01:46:30,316 - DEBUG - Calling on_part_data with data[0:49152]
2024-10-24 01:46:30,317 - DEBUG - Calling on_part_data with data[0:49152]
2024-10-24 01:46:30,317 - DEBUG - Calling on_part_data with data[0:65536]
2024-10-24 01:46:30,318 - DEBUG - Calling on_part_data with data[0:49152]
2024-10-24 01:46:30,318 - DEBUG - Calling on_part_data with data[0:65536]
2024-10-24 01:46:30,319 - DEBUG - Calling on_part_data with data[0:49152]
2024-10-24 01:46:30,319 - DEBUG - Calling on_part_data with data[0:65536]
2024-10-24 01:46:30,319 - DEBUG - Calling on_part_data with data[0:49152]
2024-10-24 01:46:30,320 - DEBUG - Calling on_part_data with data[0:65536]
2024-10-24 01:46:30,320 - DEBUG - Calling on_part_data with data[0:49152]
2024-10-24 01:46:30,321 - DEBUG - Calling on_part_data with data[0:65536]
2024-10-24 01:46:30,321 - DEBUG - Calling on_part_data with data[0:49152]
2024-10-24 01:46:30,322 - DEBUG - Calling on_part_data with data[0:49152]
2024-10-24 01:46:30,322 - DEBUG - Calling on_part_data with data[0:65536]
2024-10-24 01:46:30,322 - DEBUG - Calling on_part_data with data[0:49152]
2024-10-24 01:46:30,323 - DEBUG - Calling on_part_data with data[0:49152]
2024-10-24 01:46:30,323 - DEBUG - Calling on_part_data with data[0:65536]
2024-10-24 01:46:30,324 - DEBUG - Calling on_part_data with data[0:32768]
2024-10-24 01:46:30,324 - DEBUG - Calling on_part_data with data[0:49152]
2024-10-24 01:46:30,324 - DEBUG - Calling on_part_data with data[0:32768]
2024-10-24 01:46:30,325 - DEBUG - Calling on_part_data with data[0:49152]
2024-10-24 01:46:30,325 - DEBUG - Calling on_part_data with data[0:49152]
2024-10-24 01:46:30,326 - DEBUG - Calling on_part_data with data[0:65536]
2024-10-24 01:46:30,326 - DEBUG - Calling on_part_data with data[0:49152]
2024-10-24 01:46:30,327 - DEBUG - Calling on_part_data with data[0:49152]
2024-10-24 01:46:30,327 - DEBUG - Calling on_part_data with data[0:65536]
2024-10-24 01:46:30,327 - DEBUG - Calling on_part_data with data[0:32768]
2024-10-24 01:46:30,328 - DEBUG - Calling on_part_data with data[0:65536]
2024-10-24 01:46:30,328 - DEBUG - Calling on_part_data with data[0:49152]
2024-10-24 01:46:30,329 - DEBUG - Calling on_part_data with data[0:49152]
2024-10-24 01:46:30,329 - DEBUG - Calling on_part_data with data[0:65536]
2024-10-24 01:46:30,329 - DEBUG - Calling on_part_data with data[0:65536]
2024-10-24 01:46:30,330 - DEBUG - Calling on_part_data with data[0:49152]
2024-10-24 01:46:30,330 - DEBUG - Calling on_part_data with data[0:49152]
2024-10-24 01:46:30,331 - DEBUG - Calling on_part_data with data[0:49152]
2024-10-24 01:46:30,331 - DEBUG - Calling on_part_data with data[0:49152]
2024-10-24 01:46:30,331 - DEBUG - Calling on_part_data with data[0:49152]
2024-10-24 01:46:30,332 - DEBUG - Calling on_part_data with data[0:65536]
2024-10-24 01:46:30,332 - DEBUG - Calling on_part_data with data[0:49152]
2024-10-24 01:46:30,333 - DEBUG - Calling on_part_data with data[0:49152]
2024-10-24 01:46:30,333 - DEBUG - Calling on_part_data with data[0:32768]
2024-10-24 01:46:30,334 - DEBUG - Calling on_part_data with data[0:49152]
2024-10-24 01:46:30,334 - DEBUG - Calling on_part_data with data[0:65536]
2024-10-24 01:46:30,335 - DEBUG - Calling on_part_data with data[0:65536]
2024-10-24 01:46:30,335 - DEBUG - Calling on_part_data with data[0:65536]
2024-10-24 01:46:30,336 - DEBUG - Calling on_part_data with data[0:65536]
2024-10-24 01:46:30,336 - DEBUG - Calling on_part_data with data[0:49152]
2024-10-24 01:46:30,336 - DEBUG - Calling on_part_data with data[0:32768]
2024-10-24 01:46:30,337 - DEBUG - Calling on_part_data with data[0:49152]
2024-10-24 01:46:30,337 - DEBUG - Calling on_part_data with data[0:49152]
2024-10-24 01:46:30,338 - DEBUG - Calling on_part_data with data[0:65536]
2024-10-24 01:46:30,338 - DEBUG - Calling on_part_data with data[0:65536]
2024-10-24 01:46:30,339 - DEBUG - Calling on_part_data with data[0:49152]
2024-10-24 01:46:30,339 - DEBUG - Calling on_part_data with data[0:49152]
2024-10-24 01:46:30,340 - DEBUG - Calling on_part_data with data[0:65536]
2024-10-24 01:46:30,340 - DEBUG - Calling on_part_data with data[0:49152]
2024-10-24 01:46:30,341 - DEBUG - Calling on_part_data with data[0:65536]
2024-10-24 01:46:30,341 - DEBUG - Calling on_part_data with data[0:49152]
2024-10-24 01:46:30,342 - DEBUG - Calling on_part_data with data[0:65536]
2024-10-24 01:46:30,342 - DEBUG - Calling on_part_data with data[0:98304]
2024-10-24 01:46:30,342 - DEBUG - Calling on_part_data with data[0:114688]
2024-10-24 01:46:30,343 - DEBUG - Calling on_part_data with data[0:131072]
2024-10-24 01:46:30,344 - DEBUG - Calling on_part_data with data[0:131072]
2024-10-24 01:46:30,344 - DEBUG - Calling on_part_data with data[0:131072]
2024-10-24 01:46:30,345 - DEBUG - Calling on_part_data with data[0:131072]
2024-10-24 01:46:30,345 - DEBUG - Calling on_part_data with data[0:111981]
2024-10-24 01:46:30,345 - DEBUG - Calling on_part_end with no data
2024-10-24 01:46:30,345 - DEBUG - Calling on_end with no data
2024-10-24 01:46:30,349 - INFO - Received file: 1.mp3, size=7156968 bytes
2024-10-24 01:46:30,349 - DEBUG - File contents (first 100 bytes): b'ID3\x03\x00\x00\x00\x05\x1fvTIT2\x00\x00\x00#\x00\x00\x01\xff\xfe\x1f\x04A\x048\x04E\x04>\x04?\x040\x04B\x04-\x00;\x04C\x04=\x040\x04B\x048\x04:\x04TPE1\x00\x00\x00\x0f\x00\x00\x01\xff\xfeK\x00I\x00Z\x00A\x00R\x00U\x00TALB\x00\x00\x00\x19\x00\x00\x01\xff\xfeK\x00a\x00r\x00m'
2024-10-24 01:46:30,357 - DEBUG - Starting new HTTPS connection (1): huggingface.co:443
2024-10-24 01:46:30,790 - DEBUG - https://huggingface.co:443 "GET /api/models/Systran/faster-whisper-large-v3/revision/main HTTP/11" 200 3175
2024-10-24 01:46:40,827 - DEBUG - open file: C:/Users/Dmitry/.cache/torch/whisperx-vad-segmentation.bin
2024-10-24 01:46:41,062 - DEBUG - open file: C:/Users/Dmitry/.cache/torch/whisperx-vad-segmentation.bin
2024-10-24 01:46:41,338 - ERROR - Error uploading lecture: 'bool' object is not subscriptable
2024-10-24 01:49:29,637 - DEBUG - Using proactor: IocpProactor
2024-10-24 01:49:31,902 - DEBUG - Calling on_part_begin with no data
2024-10-24 01:49:31,902 - DEBUG - Calling on_header_field with data[42:61]
2024-10-24 01:49:31,902 - DEBUG - Calling on_header_value with data[63:103]
2024-10-24 01:49:31,902 - DEBUG - Calling on_header_end with no data
2024-10-24 01:49:31,902 - DEBUG - Calling on_header_field with data[105:117]
2024-10-24 01:49:31,902 - DEBUG - Calling on_header_value with data[119:129]
2024-10-24 01:49:31,903 - DEBUG - Calling on_header_end with no data
2024-10-24 01:49:31,903 - DEBUG - Calling on_headers_finished with no data
2024-10-24 01:49:31,903 - DEBUG - Calling on_part_data with data[133:16384]
2024-10-24 01:49:31,903 - DEBUG - Calling on_part_data with data[0:32768]
2024-10-24 01:49:31,903 - DEBUG - Calling on_part_data with data[0:16384]
2024-10-24 01:49:31,903 - DEBUG - Calling on_part_data with data[0:16384]
2024-10-24 01:49:31,904 - DEBUG - Calling on_part_data with data[0:16384]
2024-10-24 01:49:31,904 - DEBUG - Calling on_part_data with data[0:16384]
2024-10-24 01:49:31,904 - DEBUG - Calling on_part_data with data[0:32768]
2024-10-24 01:49:31,904 - DEBUG - Calling on_part_data with data[0:16384]
2024-10-24 01:49:31,904 - DEBUG - Calling on_part_data with data[0:32768]
2024-10-24 01:49:31,905 - DEBUG - Calling on_part_data with data[0:32768]
2024-10-24 01:49:31,905 - DEBUG - Calling on_part_data with data[0:32768]
2024-10-24 01:49:31,905 - DEBUG - Calling on_part_data with data[0:32768]
2024-10-24 01:49:31,905 - DEBUG - Calling on_part_data with data[0:16384]
2024-10-24 01:49:31,905 - DEBUG - Calling on_part_data with data[0:32768]
2024-10-24 01:49:31,906 - DEBUG - Calling on_part_data with data[0:16384]
2024-10-24 01:49:31,906 - DEBUG - Calling on_part_data with data[0:32768]
2024-10-24 01:49:31,906 - DEBUG - Calling on_part_data with data[0:32768]
2024-10-24 01:49:31,906 - DEBUG - Calling on_part_data with data[0:32768]
2024-10-24 01:49:31,907 - DEBUG - Calling on_part_data with data[0:65536]
2024-10-24 01:49:31,907 - DEBUG - Calling on_part_data with data[0:65536]
2024-10-24 01:49:31,908 - DEBUG - Calling on_part_data with data[0:32768]
2024-10-24 01:49:31,908 - DEBUG - Calling on_part_data with data[0:32768]
2024-10-24 01:49:31,908 - DEBUG - Calling on_part_data with data[0:32768]
2024-10-24 01:49:31,908 - DEBUG - Calling on_part_data with data[0:16384]
2024-10-24 01:49:31,908 - DEBUG - Calling on_part_data with data[0:16384]
2024-10-24 01:49:31,909 - DEBUG - Calling on_part_data with data[0:16384]
2024-10-24 01:49:31,909 - DEBUG - Calling on_part_data with data[0:16384]
2024-10-24 01:49:31,909 - DEBUG - Calling on_part_data with data[0:16384]
2024-10-24 01:49:31,909 - DEBUG - Calling on_part_data with data[0:32768]
2024-10-24 01:49:31,909 - DEBUG - Calling on_part_data with data[0:16384]
2024-10-24 01:49:31,909 - DEBUG - Calling on_part_data with data[0:32768]
2024-10-24 01:49:31,910 - DEBUG - Calling on_part_data with data[0:16384]
2024-10-24 01:49:31,910 - DEBUG - Calling on_part_data with data[0:32768]
2024-10-24 01:49:31,910 - DEBUG - Calling on_part_data with data[0:32768]
2024-10-24 01:49:31,911 - DEBUG - Calling on_part_data with data[0:65536]
2024-10-24 01:49:31,911 - DEBUG - Calling on_part_data with data[0:32768]
2024-10-24 01:49:31,911 - DEBUG - Calling on_part_data with data[0:16384]
2024-10-24 01:49:31,911 - DEBUG - Calling on_part_data with data[0:32768]
2024-10-24 01:49:31,913 - DEBUG - Calling on_part_data with data[0:81920]
2024-10-24 01:49:31,920 - DEBUG - Calling on_part_data with data[0:131072]
2024-10-24 01:49:31,920 - DEBUG - Calling on_part_data with data[0:131072]
2024-10-24 01:49:31,921 - DEBUG - Calling on_part_data with data[0:131072]
2024-10-24 01:49:31,921 - DEBUG - Calling on_part_data with data[0:131072]
2024-10-24 01:49:31,922 - DEBUG - Calling on_part_data with data[0:131072]
2024-10-24 01:49:31,922 - DEBUG - Calling on_part_data with data[0:131072]
2024-10-24 01:49:31,923 - DEBUG - Calling on_part_data with data[0:131072]
2024-10-24 01:49:31,923 - DEBUG - Calling on_part_data with data[0:131072]
2024-10-24 01:49:31,924 - DEBUG - Calling on_part_data with data[0:131072]
2024-10-24 01:49:31,924 - DEBUG - Calling on_part_data with data[0:49152]
2024-10-24 01:49:31,925 - DEBUG - Calling on_part_data with data[0:65536]
2024-10-24 01:49:31,925 - DEBUG - Calling on_part_data with data[0:65536]
2024-10-24 01:49:31,926 - DEBUG - Calling on_part_data with data[0:49152]
2024-10-24 01:49:31,926 - DEBUG - Calling on_part_data with data[0:49152]
2024-10-24 01:49:31,926 - DEBUG - Calling on_part_data with data[0:49152]
2024-10-24 01:49:31,927 - DEBUG - Calling on_part_data with data[0:49152]
2024-10-24 01:49:31,927 - DEBUG - Calling on_part_data with data[0:49152]
2024-10-24 01:49:31,928 - DEBUG - Calling on_part_data with data[0:65536]
2024-10-24 01:49:31,928 - DEBUG - Calling on_part_data with data[0:49152]
2024-10-24 01:49:31,928 - DEBUG - Calling on_part_data with data[0:49152]
2024-10-24 01:49:31,929 - DEBUG - Calling on_part_data with data[0:32768]
2024-10-24 01:49:31,929 - DEBUG - Calling on_part_data with data[0:49152]
2024-10-24 01:49:31,929 - DEBUG - Calling on_part_data with data[0:65536]
2024-10-24 01:49:31,930 - DEBUG - Calling on_part_data with data[0:49152]
2024-10-24 01:49:31,930 - DEBUG - Calling on_part_data with data[0:49152]
2024-10-24 01:49:31,931 - DEBUG - Calling on_part_data with data[0:65536]
2024-10-24 01:49:31,931 - DEBUG - Calling on_part_data with data[0:65536]
2024-10-24 01:49:31,932 - DEBUG - Calling on_part_data with data[0:49152]
2024-10-24 01:49:31,932 - DEBUG - Calling on_part_data with data[0:49152]
2024-10-24 01:49:31,932 - DEBUG - Calling on_part_data with data[0:49152]
2024-10-24 01:49:31,933 - DEBUG - Calling on_part_data with data[0:49152]
2024-10-24 01:49:31,933 - DEBUG - Calling on_part_data with data[0:49152]
2024-10-24 01:49:31,934 - DEBUG - Calling on_part_data with data[0:65536]
2024-10-24 01:49:31,934 - DEBUG - Calling on_part_data with data[0:49152]
2024-10-24 01:49:31,934 - DEBUG - Calling on_part_data with data[0:32768]
2024-10-24 01:49:31,935 - DEBUG - Calling on_part_data with data[0:49152]
2024-10-24 01:49:31,935 - DEBUG - Calling on_part_data with data[0:65536]
2024-10-24 01:49:31,936 - DEBUG - Calling on_part_data with data[0:49152]
2024-10-24 01:49:31,936 - DEBUG - Calling on_part_data with data[0:49152]
2024-10-24 01:49:31,936 - DEBUG - Calling on_part_data with data[0:49152]
2024-10-24 01:49:31,937 - DEBUG - Calling on_part_data with data[0:49152]
2024-10-24 01:49:31,937 - DEBUG - Calling on_part_data with data[0:49152]
2024-10-24 01:49:31,937 - DEBUG - Calling on_part_data with data[0:49152]
2024-10-24 01:49:31,938 - DEBUG - Calling on_part_data with data[0:32768]
2024-10-24 01:49:31,938 - DEBUG - Calling on_part_data with data[0:65536]
2024-10-24 01:49:31,939 - DEBUG - Calling on_part_data with data[0:49152]
2024-10-24 01:49:31,939 - DEBUG - Calling on_part_data with data[0:65536]
2024-10-24 01:49:31,940 - DEBUG - Calling on_part_data with data[0:49152]
2024-10-24 01:49:31,940 - DEBUG - Calling on_part_data with data[0:49152]
2024-10-24 01:49:31,940 - DEBUG - Calling on_part_data with data[0:65536]
2024-10-24 01:49:31,941 - DEBUG - Calling on_part_data with data[0:49152]
2024-10-24 01:49:31,941 - DEBUG - Calling on_part_data with data[0:49152]
2024-10-24 01:49:31,942 - DEBUG - Calling on_part_data with data[0:49152]
2024-10-24 01:49:31,942 - DEBUG - Calling on_part_data with data[0:49152]
2024-10-24 01:49:31,942 - DEBUG - Calling on_part_data with data[0:49152]
2024-10-24 01:49:31,943 - DEBUG - Calling on_part_data with data[0:65536]
2024-10-24 01:49:31,943 - DEBUG - Calling on_part_data with data[0:65536]
2024-10-24 01:49:31,944 - DEBUG - Calling on_part_data with data[0:49152]
2024-10-24 01:49:31,944 - DEBUG - Calling on_part_data with data[0:65536]
2024-10-24 01:49:31,945 - DEBUG - Calling on_part_data with data[0:49152]
2024-10-24 01:49:31,945 - DEBUG - Calling on_part_data with data[0:49152]
2024-10-24 01:49:31,945 - DEBUG - Calling on_part_data with data[0:65536]
2024-10-24 01:49:31,946 - DEBUG - Calling on_part_data with data[0:49152]
2024-10-24 01:49:31,946 - DEBUG - Calling on_part_data with data[0:49152]
2024-10-24 01:49:31,947 - DEBUG - Calling on_part_data with data[0:65536]
2024-10-24 01:49:31,947 - DEBUG - Calling on_part_data with data[0:49152]
2024-10-24 01:49:31,948 - DEBUG - Calling on_part_data with data[0:65536]
2024-10-24 01:49:31,948 - DEBUG - Calling on_part_data with data[0:49152]
2024-10-24 01:49:31,948 - DEBUG - Calling on_part_data with data[0:65536]
2024-10-24 01:49:31,949 - DEBUG - Calling on_part_data with data[0:49152]
2024-10-24 01:49:31,949 - DEBUG - Calling on_part_data with data[0:49152]
2024-10-24 01:49:31,950 - DEBUG - Calling on_part_data with data[0:65536]
2024-10-24 01:49:31,950 - DEBUG - Calling on_part_data with data[0:49152]
2024-10-24 01:49:31,951 - DEBUG - Calling on_part_data with data[0:65536]
2024-10-24 01:49:31,951 - DEBUG - Calling on_part_data with data[0:49152]
2024-10-24 01:49:31,951 - DEBUG - Calling on_part_data with data[0:49152]
2024-10-24 01:49:31,952 - DEBUG - Calling on_part_data with data[0:49152]
2024-10-24 01:49:31,952 - DEBUG - Calling on_part_data with data[0:49152]
2024-10-24 01:49:31,953 - DEBUG - Calling on_part_data with data[0:49152]
2024-10-24 01:49:31,953 - DEBUG - Calling on_part_data with data[0:65536]
2024-10-24 01:49:31,953 - DEBUG - Calling on_part_data with data[0:49152]
2024-10-24 01:49:31,954 - DEBUG - Calling on_part_data with data[0:49152]
2024-10-24 01:49:31,954 - DEBUG - Calling on_part_data with data[0:49152]
2024-10-24 01:49:31,954 - DEBUG - Calling on_part_data with data[0:98304]
2024-10-24 01:49:31,955 - DEBUG - Calling on_part_data with data[0:98304]
2024-10-24 01:49:31,955 - DEBUG - Calling on_part_data with data[0:131072]
2024-10-24 01:49:31,956 - DEBUG - Calling on_part_data with data[0:131072]
2024-10-24 01:49:31,956 - DEBUG - Calling on_part_data with data[0:131072]
2024-10-24 01:49:31,957 - DEBUG - Calling on_part_data with data[0:131072]
2024-10-24 01:49:31,957 - DEBUG - Calling on_part_data with data[0:131072]
2024-10-24 01:49:31,958 - DEBUG - Calling on_part_data with data[0:30061]
2024-10-24 01:49:31,958 - DEBUG - Calling on_part_end with no data
2024-10-24 01:49:31,958 - DEBUG - Calling on_end with no data
2024-10-24 01:49:31,961 - INFO - Received file: 1.mp3, size=7156968 bytes
2024-10-24 01:49:31,961 - DEBUG - File contents (first 100 bytes): b'ID3\x03\x00\x00\x00\x05\x1fvTIT2\x00\x00\x00#\x00\x00\x01\xff\xfe\x1f\x04A\x048\x04E\x04>\x04?\x040\x04B\x04-\x00;\x04C\x04=\x040\x04B\x048\x04:\x04TPE1\x00\x00\x00\x0f\x00\x00\x01\xff\xfeK\x00I\x00Z\x00A\x00R\x00U\x00TALB\x00\x00\x00\x19\x00\x00\x01\xff\xfeK\x00a\x00r\x00m'
2024-10-24 01:49:31,969 - DEBUG - Starting new HTTPS connection (1): huggingface.co:443
2024-10-24 01:49:32,145 - DEBUG - https://huggingface.co:443 "GET /api/models/Systran/faster-whisper-large-v3/revision/main HTTP/11" 200 3175
2024-10-24 01:49:42,372 - DEBUG - open file: C:/Users/Dmitry/.cache/torch/whisperx-vad-segmentation.bin
2024-10-24 01:49:42,600 - DEBUG - open file: C:/Users/Dmitry/.cache/torch/whisperx-vad-segmentation.bin
2024-10-24 01:49:42,864 - ERROR - Error uploading lecture: 'bool' object is not subscriptable
2024-10-24 01:51:35,296 - DEBUG - Using proactor: IocpProactor
2024-10-24 01:51:42,983 - DEBUG - Calling on_part_begin with no data
2024-10-24 01:51:42,983 - DEBUG - Calling on_header_field with data[42:61]
2024-10-24 01:51:42,983 - DEBUG - Calling on_header_value with data[63:103]
2024-10-24 01:51:42,983 - DEBUG - Calling on_header_end with no data
2024-10-24 01:51:42,983 - DEBUG - Calling on_header_field with data[105:117]
2024-10-24 01:51:42,983 - DEBUG - Calling on_header_value with data[119:129]
2024-10-24 01:51:42,983 - DEBUG - Calling on_header_end with no data
2024-10-24 01:51:42,984 - DEBUG - Calling on_headers_finished with no data
2024-10-24 01:51:42,984 - DEBUG - Calling on_part_data with data[133:16384]
2024-10-24 01:51:42,984 - DEBUG - Calling on_part_data with data[0:65536]
2024-10-24 01:51:42,984 - DEBUG - Calling on_part_data with data[0:16384]
2024-10-24 01:51:42,985 - DEBUG - Calling on_part_data with data[0:32768]
2024-10-24 01:51:42,985 - DEBUG - Calling on_part_data with data[0:32768]
2024-10-24 01:51:42,985 - DEBUG - Calling on_part_data with data[0:16384]
2024-10-24 01:51:42,985 - DEBUG - Calling on_part_data with data[0:32768]
2024-10-24 01:51:42,985 - DEBUG - Calling on_part_data with data[0:32768]
2024-10-24 01:51:42,986 - DEBUG - Calling on_part_data with data[0:32768]
2024-10-24 01:51:42,986 - DEBUG - Calling on_part_data with data[0:49152]
2024-10-24 01:51:42,987 - DEBUG - Calling on_part_data with data[0:32768]
2024-10-24 01:51:42,987 - DEBUG - Calling on_part_data with data[0:32768]
2024-10-24 01:51:42,987 - DEBUG - Calling on_part_data with data[0:32768]
2024-10-24 01:51:42,987 - DEBUG - Calling on_part_data with data[0:32768]
2024-10-24 01:51:42,987 - DEBUG - Calling on_part_data with data[0:32768]
2024-10-24 01:51:42,988 - DEBUG - Calling on_part_data with data[0:16384]
2024-10-24 01:51:42,988 - DEBUG - Calling on_part_data with data[0:32768]
2024-10-24 01:51:42,988 - DEBUG - Calling on_part_data with data[0:49152]
2024-10-24 01:51:42,988 - DEBUG - Calling on_part_data with data[0:32768]
2024-10-24 01:51:42,989 - DEBUG - Calling on_part_data with data[0:32768]
2024-10-24 01:51:42,989 - DEBUG - Calling on_part_data with data[0:32768]
2024-10-24 01:51:42,989 - DEBUG - Calling on_part_data with data[0:16384]
2024-10-24 01:51:42,989 - DEBUG - Calling on_part_data with data[0:32768]
2024-10-24 01:51:42,989 - DEBUG - Calling on_part_data with data[0:32768]
2024-10-24 01:51:42,990 - DEBUG - Calling on_part_data with data[0:16384]
2024-10-24 01:51:42,990 - DEBUG - Calling on_part_data with data[0:32768]
2024-10-24 01:51:42,990 - DEBUG - Calling on_part_data with data[0:32768]
2024-10-24 01:51:42,990 - DEBUG - Calling on_part_data with data[0:16384]
2024-10-24 01:51:42,990 - DEBUG - Calling on_part_data with data[0:16384]
2024-10-24 01:51:42,991 - DEBUG - Calling on_part_data with data[0:32768]
2024-10-24 01:51:42,991 - DEBUG - Calling on_part_data with data[0:32768]
2024-10-24 01:51:42,991 - DEBUG - Calling on_part_data with data[0:49152]
2024-10-24 01:51:42,992 - DEBUG - Calling on_part_data with data[0:32768]
2024-10-24 01:51:42,992 - DEBUG - Calling on_part_data with data[0:32768]
2024-10-24 01:51:42,993 - DEBUG - Calling on_part_data with data[0:81920]
2024-10-24 01:51:43,000 - DEBUG - Calling on_part_data with data[0:131072]
2024-10-24 01:51:43,001 - DEBUG - Calling on_part_data with data[0:131072]
2024-10-24 01:51:43,001 - DEBUG - Calling on_part_data with data[0:131072]
2024-10-24 01:51:43,002 - DEBUG - Calling on_part_data with data[0:131072]
2024-10-24 01:51:43,002 - DEBUG - Calling on_part_data with data[0:131072]
2024-10-24 01:51:43,003 - DEBUG - Calling on_part_data with data[0:131072]
2024-10-24 01:51:43,003 - DEBUG - Calling on_part_data with data[0:131072]
2024-10-24 01:51:43,004 - DEBUG - Calling on_part_data with data[0:131072]
2024-10-24 01:51:43,004 - DEBUG - Calling on_part_data with data[0:131072]
2024-10-24 01:51:43,005 - DEBUG - Calling on_part_data with data[0:65536]
2024-10-24 01:51:43,005 - DEBUG - Calling on_part_data with data[0:65536]
2024-10-24 01:51:43,006 - DEBUG - Calling on_part_data with data[0:49152]
2024-10-24 01:51:43,006 - DEBUG - Calling on_part_data with data[0:65536]
2024-10-24 01:51:43,007 - DEBUG - Calling on_part_data with data[0:49152]
2024-10-24 01:51:43,007 - DEBUG - Calling on_part_data with data[0:49152]
2024-10-24 01:51:43,007 - DEBUG - Calling on_part_data with data[0:49152]
2024-10-24 01:51:43,008 - DEBUG - Calling on_part_data with data[0:49152]
2024-10-24 01:51:43,008 - DEBUG - Calling on_part_data with data[0:81920]
2024-10-24 01:51:43,009 - DEBUG - Calling on_part_data with data[0:49152]
2024-10-24 01:51:43,009 - DEBUG - Calling on_part_data with data[0:65536]
2024-10-24 01:51:43,010 - DEBUG - Calling on_part_data with data[0:49152]
2024-10-24 01:51:43,010 - DEBUG - Calling on_part_data with data[0:65536]
2024-10-24 01:51:43,010 - DEBUG - Calling on_part_data with data[0:49152]
2024-10-24 01:51:43,011 - DEBUG - Calling on_part_data with data[0:49152]
2024-10-24 01:51:43,011 - DEBUG - Calling on_part_data with data[0:49152]
2024-10-24 01:51:43,012 - DEBUG - Calling on_part_data with data[0:65536]
2024-10-24 01:51:43,012 - DEBUG - Calling on_part_data with data[0:49152]
2024-10-24 01:51:43,012 - DEBUG - Calling on_part_data with data[0:65536]
2024-10-24 01:51:43,013 - DEBUG - Calling on_part_data with data[0:49152]
2024-10-24 01:51:43,013 - DEBUG - Calling on_part_data with data[0:65536]
2024-10-24 01:51:43,014 - DEBUG - Calling on_part_data with data[0:65536]
2024-10-24 01:51:43,014 - DEBUG - Calling on_part_data with data[0:32768]
2024-10-24 01:51:43,015 - DEBUG - Calling on_part_data with data[0:49152]
2024-10-24 01:51:43,015 - DEBUG - Calling on_part_data with data[0:49152]
2024-10-24 01:51:43,015 - DEBUG - Calling on_part_data with data[0:65536]
2024-10-24 01:51:43,016 - DEBUG - Calling on_part_data with data[0:49152]
2024-10-24 01:51:43,016 - DEBUG - Calling on_part_data with data[0:81920]
2024-10-24 01:51:43,017 - DEBUG - Calling on_part_data with data[0:65536]
2024-10-24 01:51:43,017 - DEBUG - Calling on_part_data with data[0:49152]
2024-10-24 01:51:43,018 - DEBUG - Calling on_part_data with data[0:65536]
2024-10-24 01:51:43,018 - DEBUG - Calling on_part_data with data[0:49152]
2024-10-24 01:51:43,019 - DEBUG - Calling on_part_data with data[0:65536]
2024-10-24 01:51:43,019 - DEBUG - Calling on_part_data with data[0:65536]
2024-10-24 01:51:43,019 - DEBUG - Calling on_part_data with data[0:49152]
2024-10-24 01:51:43,020 - DEBUG - Calling on_part_data with data[0:49152]
2024-10-24 01:51:43,020 - DEBUG - Calling on_part_data with data[0:65536]
2024-10-24 01:51:43,021 - DEBUG - Calling on_part_data with data[0:49152]
2024-10-24 01:51:43,021 - DEBUG - Calling on_part_data with data[0:49152]
2024-10-24 01:51:43,021 - DEBUG - Calling on_part_data with data[0:65536]
2024-10-24 01:51:43,022 - DEBUG - Calling on_part_data with data[0:49152]
2024-10-24 01:51:43,022 - DEBUG - Calling on_part_data with data[0:32768]
2024-10-24 01:51:43,023 - DEBUG - Calling on_part_data with data[0:49152]
2024-10-24 01:51:43,023 - DEBUG - Calling on_part_data with data[0:49152]
2024-10-24 01:51:43,023 - DEBUG - Calling on_part_data with data[0:49152]
2024-10-24 01:51:43,024 - DEBUG - Calling on_part_data with data[0:65536]
2024-10-24 01:51:43,024 - DEBUG - Calling on_part_data with data[0:32768]
2024-10-24 01:51:43,025 - DEBUG - Calling on_part_data with data[0:49152]
2024-10-24 01:51:43,025 - DEBUG - Calling on_part_data with data[0:65536]
2024-10-24 01:51:43,025 - DEBUG - Calling on_part_data with data[0:49152]
2024-10-24 01:51:43,026 - DEBUG - Calling on_part_data with data[0:49152]
2024-10-24 01:51:43,026 - DEBUG - Calling on_part_data with data[0:65536]
2024-10-24 01:51:43,027 - DEBUG - Calling on_part_data with data[0:49152]
2024-10-24 01:51:43,027 - DEBUG - Calling on_part_data with data[0:65536]
2024-10-24 01:51:43,028 - DEBUG - Calling on_part_data with data[0:49152]
2024-10-24 01:51:43,028 - DEBUG - Calling on_part_data with data[0:49152]
2024-10-24 01:51:43,028 - DEBUG - Calling on_part_data with data[0:49152]
2024-10-24 01:51:43,029 - DEBUG - Calling on_part_data with data[0:49152]
2024-10-24 01:51:43,029 - DEBUG - Calling on_part_data with data[0:65536]
2024-10-24 01:51:43,030 - DEBUG - Calling on_part_data with data[0:49152]
2024-10-24 01:51:43,030 - DEBUG - Calling on_part_data with data[0:65536]
2024-10-24 01:51:43,031 - DEBUG - Calling on_part_data with data[0:49152]
2024-10-24 01:51:43,031 - DEBUG - Calling on_part_data with data[0:49152]
2024-10-24 01:51:43,031 - DEBUG - Calling on_part_data with data[0:49152]
2024-10-24 01:51:43,032 - DEBUG - Calling on_part_data with data[0:49152]
2024-10-24 01:51:43,032 - DEBUG - Calling on_part_data with data[0:65536]
2024-10-24 01:51:43,033 - DEBUG - Calling on_part_data with data[0:49152]
2024-10-24 01:51:43,033 - DEBUG - Calling on_part_data with data[0:49152]
2024-10-24 01:51:43,033 - DEBUG - Calling on_part_data with data[0:49152]
2024-10-24 01:51:43,034 - DEBUG - Calling on_part_data with data[0:49152]
2024-10-24 01:51:43,034 - DEBUG - Calling on_part_data with data[0:65536]
2024-10-24 01:51:43,035 - DEBUG - Calling on_part_data with data[0:49152]
2024-10-24 01:51:43,035 - DEBUG - Calling on_part_data with data[0:81920]
2024-10-24 01:51:43,036 - DEBUG - Calling on_part_data with data[0:98304]
2024-10-24 01:51:43,036 - DEBUG - Calling on_part_data with data[0:131072]
2024-10-24 01:51:43,037 - DEBUG - Calling on_part_data with data[0:131072]
2024-10-24 01:51:43,037 - DEBUG - Calling on_part_data with data[0:131072]
2024-10-24 01:51:43,038 - DEBUG - Calling on_part_data with data[0:131072]
2024-10-24 01:51:43,038 - DEBUG - Calling on_part_data with data[0:131072]
2024-10-24 01:51:43,038 - DEBUG - Calling on_part_data with data[0:46445]
2024-10-24 01:51:43,038 - DEBUG - Calling on_part_end with no data
2024-10-24 01:51:43,039 - DEBUG - Calling on_end with no data
2024-10-24 01:51:43,042 - INFO - Received file: 1.mp3, size=7156968 bytes
2024-10-24 01:51:43,043 - DEBUG - File contents (first 100 bytes): b'ID3\x03\x00\x00\x00\x05\x1fvTIT2\x00\x00\x00#\x00\x00\x01\xff\xfe\x1f\x04A\x048\x04E\x04>\x04?\x040\x04B\x04-\x00;\x04C\x04=\x040\x04B\x048\x04:\x04TPE1\x00\x00\x00\x0f\x00\x00\x01\xff\xfeK\x00I\x00Z\x00A\x00R\x00U\x00TALB\x00\x00\x00\x19\x00\x00\x01\xff\xfeK\x00a\x00r\x00m'
2024-10-24 01:51:43,050 - DEBUG - Starting new HTTPS connection (1): huggingface.co:443
2024-10-24 01:51:43,226 - DEBUG - https://huggingface.co:443 "GET /api/models/Systran/faster-whisper-large-v3/revision/main HTTP/11" 200 3175
2024-10-24 01:51:52,820 - DEBUG - open file: C:/Users/Dmitry/.cache/torch/whisperx-vad-segmentation.bin
2024-10-24 01:51:53,048 - DEBUG - open file: C:/Users/Dmitry/.cache/torch/whisperx-vad-segmentation.bin
2024-10-24 01:51:53,300 - ERROR - Error uploading lecture: 'bool' object is not subscriptable
2024-10-24 01:56:03,622 - INFO - Loading dictionaries from C:\Users\Dmitry\PycharmProjects\pythonProject\.venv\Lib\site-packages\pymorphy3_dicts_ru\data
2024-10-24 01:56:03,683 - INFO - format: 2.4, revision: 417150, updated: 2022-01-08T22:09:24.565962
2024-10-24 01:56:04,915 - INFO - Loading dictionaries from C:\Users\Dmitry\PycharmProjects\pythonProject\.venv\Lib\site-packages\pymorphy2_dicts_ru\data
2024-10-24 01:56:04,972 - INFO - format: 2.4, revision: 417127, updated: 2020-10-11T15:05:51.070345
2024-10-24 01:56:05,038 - DEBUG - Using proactor: IocpProactor
2024-10-24 01:57:06,782 - DEBUG - Calling on_part_begin with no data
2024-10-24 01:57:06,782 - DEBUG - Calling on_header_field with data[42:61]
2024-10-24 01:57:06,782 - DEBUG - Calling on_header_value with data[63:103]
2024-10-24 01:57:06,782 - DEBUG - Calling on_header_end with no data
2024-10-24 01:57:06,782 - DEBUG - Calling on_header_field with data[105:117]
2024-10-24 01:57:06,782 - DEBUG - Calling on_header_value with data[119:129]
2024-10-24 01:57:06,782 - DEBUG - Calling on_header_end with no data
2024-10-24 01:57:06,782 - DEBUG - Calling on_headers_finished with no data
2024-10-24 01:57:06,783 - DEBUG - Calling on_part_data with data[133:16384]
2024-10-24 01:57:06,783 - DEBUG - Calling on_part_data with data[0:65536]
2024-10-24 01:57:06,783 - DEBUG - Calling on_part_data with data[0:16384]
2024-10-24 01:57:06,783 - DEBUG - Calling on_part_data with data[0:32768]
2024-10-24 01:57:06,784 - DEBUG - Calling on_part_data with data[0:32768]
2024-10-24 01:57:06,784 - DEBUG - Calling on_part_data with data[0:32768]
2024-10-24 01:57:06,784 - DEBUG - Calling on_part_data with data[0:16384]
2024-10-24 01:57:06,784 - DEBUG - Calling on_part_data with data[0:32768]
2024-10-24 01:57:06,784 - DEBUG - Calling on_part_data with data[0:32768]
2024-10-24 01:57:06,785 - DEBUG - Calling on_part_data with data[0:32768]
2024-10-24 01:57:06,785 - DEBUG - Calling on_part_data with data[0:32768]
2024-10-24 01:57:06,785 - DEBUG - Calling on_part_data with data[0:49152]
2024-10-24 01:57:06,786 - DEBUG - Calling on_part_data with data[0:32768]
2024-10-24 01:57:06,786 - DEBUG - Calling on_part_data with data[0:32768]
2024-10-24 01:57:06,786 - DEBUG - Calling on_part_data with data[0:32768]
2024-10-24 01:57:06,786 - DEBUG - Calling on_part_data with data[0:16384]
2024-10-24 01:57:06,786 - DEBUG - Calling on_part_data with data[0:32768]
2024-10-24 01:57:06,787 - DEBUG - Calling on_part_data with data[0:16384]
2024-10-24 01:57:06,787 - DEBUG - Calling on_part_data with data[0:16384]
2024-10-24 01:57:06,787 - DEBUG - Calling on_part_data with data[0:16384]
2024-10-24 01:57:06,787 - DEBUG - Calling on_part_data with data[0:32768]
2024-10-24 01:57:06,788 - DEBUG - Calling on_part_data with data[0:32768]
2024-10-24 01:57:06,788 - DEBUG - Calling on_part_data with data[0:16384]
2024-10-24 01:57:06,788 - DEBUG - Calling on_part_data with data[0:32768]
2024-10-24 01:57:06,788 - DEBUG - Calling on_part_data with data[0:32768]
2024-10-24 01:57:06,788 - DEBUG - Calling on_part_data with data[0:16384]
2024-10-24 01:57:06,789 - DEBUG - Calling on_part_data with data[0:32768]
2024-10-24 01:57:06,789 - DEBUG - Calling on_part_data with data[0:16384]
2024-10-24 01:57:06,789 - DEBUG - Calling on_part_data with data[0:32768]
2024-10-24 01:57:06,789 - DEBUG - Calling on_part_data with data[0:32768]
2024-10-24 01:57:06,790 - DEBUG - Calling on_part_data with data[0:32768]
2024-10-24 01:57:06,790 - DEBUG - Calling on_part_data with data[0:32768]
2024-10-24 01:57:06,790 - DEBUG - Calling on_part_data with data[0:49152]
2024-10-24 01:57:06,790 - DEBUG - Calling on_part_data with data[0:32768]
2024-10-24 01:57:06,791 - DEBUG - Calling on_part_data with data[0:16384]
2024-10-24 01:57:06,791 - DEBUG - Calling on_part_data with data[0:16384]
2024-10-24 01:57:06,791 - DEBUG - Calling on_part_data with data[0:32768]
2024-10-24 01:57:06,793 - DEBUG - Calling on_part_data with data[0:81920]
2024-10-24 01:57:06,800 - DEBUG - Calling on_part_data with data[0:131072]
2024-10-24 01:57:06,801 - DEBUG - Calling on_part_data with data[0:131072]
2024-10-24 01:57:06,801 - DEBUG - Calling on_part_data with data[0:131072]
2024-10-24 01:57:06,802 - DEBUG - Calling on_part_data with data[0:131072]
2024-10-24 01:57:06,802 - DEBUG - Calling on_part_data with data[0:131072]
2024-10-24 01:57:06,803 - DEBUG - Calling on_part_data with data[0:131072]
2024-10-24 01:57:06,803 - DEBUG - Calling on_part_data with data[0:131072]
2024-10-24 01:57:06,804 - DEBUG - Calling on_part_data with data[0:131072]
2024-10-24 01:57:06,804 - DEBUG - Calling on_part_data with data[0:131072]
2024-10-24 01:57:06,805 - DEBUG - Calling on_part_data with data[0:131072]
2024-10-24 01:57:06,805 - DEBUG - Calling on_part_data with data[0:114688]
2024-10-24 01:57:06,806 - DEBUG - Calling on_part_data with data[0:65536]
2024-10-24 01:57:06,806 - DEBUG - Calling on_part_data with data[0:65536]
2024-10-24 01:57:06,807 - DEBUG - Calling on_part_data with data[0:65536]
2024-10-24 01:57:06,807 - DEBUG - Calling on_part_data with data[0:49152]
2024-10-24 01:57:06,808 - DEBUG - Calling on_part_data with data[0:65536]
2024-10-24 01:57:06,808 - DEBUG - Calling on_part_data with data[0:65536]
2024-10-24 01:57:06,809 - DEBUG - Calling on_part_data with data[0:65536]
2024-10-24 01:57:06,809 - DEBUG - Calling on_part_data with data[0:49152]
2024-10-24 01:57:06,809 - DEBUG - Calling on_part_data with data[0:65536]
2024-10-24 01:57:06,810 - DEBUG - Calling on_part_data with data[0:32768]
2024-10-24 01:57:06,810 - DEBUG - Calling on_part_data with data[0:65536]
2024-10-24 01:57:06,811 - DEBUG - Calling on_part_data with data[0:49152]
2024-10-24 01:57:06,811 - DEBUG - Calling on_part_data with data[0:49152]
2024-10-24 01:57:06,811 - DEBUG - Calling on_part_data with data[0:65536]
2024-10-24 01:57:06,812 - DEBUG - Calling on_part_data with data[0:65536]
2024-10-24 01:57:06,812 - DEBUG - Calling on_part_data with data[0:49152]
2024-10-24 01:57:06,813 - DEBUG - Calling on_part_data with data[0:49152]
2024-10-24 01:57:06,813 - DEBUG - Calling on_part_data with data[0:49152]
2024-10-24 01:57:06,814 - DEBUG - Calling on_part_data with data[0:49152]
2024-10-24 01:57:06,814 - DEBUG - Calling on_part_data with data[0:32768]
2024-10-24 01:57:06,814 - DEBUG - Calling on_part_data with data[0:65536]
2024-10-24 01:57:06,815 - DEBUG - Calling on_part_data with data[0:49152]
2024-10-24 01:57:06,815 - DEBUG - Calling on_part_data with data[0:32768]
2024-10-24 01:57:06,815 - DEBUG - Calling on_part_data with data[0:65536]
2024-10-24 01:57:06,816 - DEBUG - Calling on_part_data with data[0:49152]
2024-10-24 01:57:06,816 - DEBUG - Calling on_part_data with data[0:49152]
2024-10-24 01:57:06,817 - DEBUG - Calling on_part_data with data[0:65536]
2024-10-24 01:57:06,817 - DEBUG - Calling on_part_data with data[0:32768]
2024-10-24 01:57:06,818 - DEBUG - Calling on_part_data with data[0:65536]
2024-10-24 01:57:06,818 - DEBUG - Calling on_part_data with data[0:49152]
2024-10-24 01:57:06,818 - DEBUG - Calling on_part_data with data[0:65536]
2024-10-24 01:57:06,819 - DEBUG - Calling on_part_data with data[0:65536]
2024-10-24 01:57:06,819 - DEBUG - Calling on_part_data with data[0:32768]
2024-10-24 01:57:06,820 - DEBUG - Calling on_part_data with data[0:49152]
2024-10-24 01:57:06,820 - DEBUG - Calling on_part_data with data[0:49152]
2024-10-24 01:57:06,821 - DEBUG - Calling on_part_data with data[0:49152]
2024-10-24 01:57:06,821 - DEBUG - Calling on_part_data with data[0:65536]
2024-10-24 01:57:06,821 - DEBUG - Calling on_part_data with data[0:49152]
2024-10-24 01:57:06,822 - DEBUG - Calling on_part_data with data[0:65536]
2024-10-24 01:57:06,822 - DEBUG - Calling on_part_data with data[0:49152]
2024-10-24 01:57:06,823 - DEBUG - Calling on_part_data with data[0:49152]
2024-10-24 01:57:06,823 - DEBUG - Calling on_part_data with data[0:49152]
2024-10-24 01:57:06,824 - DEBUG - Calling on_part_data with data[0:65536]
2024-10-24 01:57:06,824 - DEBUG - Calling on_part_data with data[0:49152]
2024-10-24 01:57:06,824 - DEBUG - Calling on_part_data with data[0:49152]
2024-10-24 01:57:06,825 - DEBUG - Calling on_part_data with data[0:49152]
2024-10-24 01:57:06,825 - DEBUG - Calling on_part_data with data[0:81920]
2024-10-24 01:57:06,826 - DEBUG - Calling on_part_data with data[0:49152]
2024-10-24 01:57:06,826 - DEBUG - Calling on_part_data with data[0:32768]
2024-10-24 01:57:06,827 - DEBUG - Calling on_part_data with data[0:49152]
2024-10-24 01:57:06,827 - DEBUG - Calling on_part_data with data[0:49152]
2024-10-24 01:57:06,827 - DEBUG - Calling on_part_data with data[0:65536]
2024-10-24 01:57:06,828 - DEBUG - Calling on_part_data with data[0:49152]
2024-10-24 01:57:06,828 - DEBUG - Calling on_part_data with data[0:49152]
2024-10-24 01:57:06,829 - DEBUG - Calling on_part_data with data[0:65536]
2024-10-24 01:57:06,829 - DEBUG - Calling on_part_data with data[0:49152]
2024-10-24 01:57:06,829 - DEBUG - Calling on_part_data with data[0:49152]
2024-10-24 01:57:06,830 - DEBUG - Calling on_part_data with data[0:49152]
2024-10-24 01:57:06,830 - DEBUG - Calling on_part_data with data[0:65536]
2024-10-24 01:57:06,831 - DEBUG - Calling on_part_data with data[0:49152]
2024-10-24 01:57:06,831 - DEBUG - Calling on_part_data with data[0:65536]
2024-10-24 01:57:06,831 - DEBUG - Calling on_part_data with data[0:49152]
2024-10-24 01:57:06,832 - DEBUG - Calling on_part_data with data[0:49151]
2024-10-24 01:57:06,832 - DEBUG - Calling on_part_data with data[0:1]
2024-10-24 01:57:06,832 - DEBUG - Calling on_part_data with data[0:65536]
2024-10-24 01:57:06,833 - DEBUG - Calling on_part_data with data[0:81920]
2024-10-24 01:57:06,834 - DEBUG - Calling on_part_data with data[0:81920]
2024-10-24 01:57:06,834 - DEBUG - Calling on_part_data with data[0:49152]
2024-10-24 01:57:06,834 - DEBUG - Calling on_part_data with data[0:81920]
2024-10-24 01:57:06,835 - DEBUG - Calling on_part_data with data[0:98304]
2024-10-24 01:57:06,835 - DEBUG - Calling on_part_data with data[0:131072]
2024-10-24 01:57:06,836 - DEBUG - Calling on_part_data with data[0:131072]
2024-10-24 01:57:06,836 - DEBUG - Calling on_part_data with data[0:131072]
2024-10-24 01:57:06,837 - DEBUG - Calling on_part_data with data[0:131072]
2024-10-24 01:57:06,837 - DEBUG - Calling on_part_data with data[0:131072]
2024-10-24 01:57:06,838 - DEBUG - Calling on_part_data with data[0:46445]
2024-10-24 01:57:06,838 - DEBUG - Calling on_part_end with no data
2024-10-24 01:57:06,838 - DEBUG - Calling on_end with no data
2024-10-24 01:57:06,842 - INFO - Received file: 1.mp3, size=7156968 bytes
2024-10-24 01:57:06,842 - DEBUG - File contents (first 100 bytes): b'ID3\x03\x00\x00\x00\x05\x1fvTIT2\x00\x00\x00#\x00\x00\x01\xff\xfe\x1f\x04A\x048\x04E\x04>\x04?\x040\x04B\x04-\x00;\x04C\x04=\x040\x04B\x048\x04:\x04TPE1\x00\x00\x00\x0f\x00\x00\x01\xff\xfeK\x00I\x00Z\x00A\x00R\x00U\x00TALB\x00\x00\x00\x19\x00\x00\x01\xff\xfeK\x00a\x00r\x00m'
2024-10-24 01:57:06,844 - DEBUG - Trying to process audio file: uploaded_docx/4f48a349-7c4d-46cc-a3f8-10b604b213c2.mp3
2024-10-24 01:57:06,849 - DEBUG - Starting new HTTPS connection (1): huggingface.co:443
2024-10-24 01:57:07,018 - DEBUG - https://huggingface.co:443 "GET /api/models/Systran/faster-whisper-large-v3/revision/main HTTP/11" 200 3175
2024-10-24 01:57:17,531 - DEBUG - open file: C:/Users/Dmitry/.cache/torch/whisperx-vad-segmentation.bin
2024-10-24 01:57:17,929 - DEBUG - open file: C:/Users/Dmitry/.cache/torch/whisperx-vad-segmentation.bin
2024-10-24 01:57:18,195 - ERROR - Error processing audio file uploaded_docx/4f48a349-7c4d-46cc-a3f8-10b604b213c2.mp3: 'bool' object is not subscriptable
2024-10-24 01:57:18,239 - DEBUG - Result from audio_to_text: {} (type: <class 'dict'>)
2024-10-24 01:57:18,239 - DEBUG - Data from getLectureInfo: {} (type: <class 'dict'>)
2024-10-24 01:57:18,239 - ERROR - Error uploading lecture: Doc.segment() missing 1 required positional argument: 'segmenter'
2024-10-24 01:59:39,726 - INFO - Loading dictionaries from C:\Users\Dmitry\PycharmProjects\pythonProject\.venv\Lib\site-packages\pymorphy3_dicts_ru\data
2024-10-24 01:59:39,787 - INFO - format: 2.4, revision: 417150, updated: 2022-01-08T22:09:24.565962
2024-10-24 01:59:41,011 - INFO - Loading dictionaries from C:\Users\Dmitry\PycharmProjects\pythonProject\.venv\Lib\site-packages\pymorphy2_dicts_ru\data
2024-10-24 01:59:41,069 - INFO - format: 2.4, revision: 417127, updated: 2020-10-11T15:05:51.070345
2024-10-24 01:59:41,136 - DEBUG - Using proactor: IocpProactor
2024-10-24 02:00:11,588 - DEBUG - Calling on_part_begin with no data
2024-10-24 02:00:11,589 - DEBUG - Calling on_header_field with data[42:61]
2024-10-24 02:00:11,589 - DEBUG - Calling on_header_value with data[63:103]
2024-10-24 02:00:11,589 - DEBUG - Calling on_header_end with no data
2024-10-24 02:00:11,589 - DEBUG - Calling on_header_field with data[105:117]
2024-10-24 02:00:11,589 - DEBUG - Calling on_header_value with data[119:129]
2024-10-24 02:00:11,589 - DEBUG - Calling on_header_end with no data
2024-10-24 02:00:11,589 - DEBUG - Calling on_headers_finished with no data
2024-10-24 02:00:11,589 - DEBUG - Calling on_part_data with data[133:16384]
2024-10-24 02:00:11,589 - DEBUG - Calling on_part_data with data[0:49152]
2024-10-24 02:00:11,590 - DEBUG - Calling on_part_data with data[0:32768]
2024-10-24 02:00:11,590 - DEBUG - Calling on_part_data with data[0:16384]
2024-10-24 02:00:11,590 - DEBUG - Calling on_part_data with data[0:16384]
2024-10-24 02:00:11,590 - DEBUG - Calling on_part_data with data[0:32768]
2024-10-24 02:00:11,590 - DEBUG - Calling on_part_data with data[0:16384]
2024-10-24 02:00:11,590 - DEBUG - Calling on_part_data with data[0:16384]
2024-10-24 02:00:11,591 - DEBUG - Calling on_part_data with data[0:32768]
2024-10-24 02:00:11,591 - DEBUG - Calling on_part_data with data[0:32768]
2024-10-24 02:00:11,591 - DEBUG - Calling on_part_data with data[0:32768]
2024-10-24 02:00:11,591 - DEBUG - Calling on_part_data with data[0:49152]
2024-10-24 02:00:11,592 - DEBUG - Calling on_part_data with data[0:32768]
2024-10-24 02:00:11,592 - DEBUG - Calling on_part_data with data[0:16384]
2024-10-24 02:00:11,592 - DEBUG - Calling on_part_data with data[0:16384]
2024-10-24 02:00:11,592 - DEBUG - Calling on_part_data with data[0:16384]
2024-10-24 02:00:11,592 - DEBUG - Calling on_part_data with data[0:32768]
2024-10-24 02:00:11,593 - DEBUG - Calling on_part_data with data[0:16384]
2024-10-24 02:00:11,593 - DEBUG - Calling on_part_data with data[0:16384]
2024-10-24 02:00:11,593 - DEBUG - Calling on_part_data with data[0:32768]
2024-10-24 02:00:11,593 - DEBUG - Calling on_part_data with data[0:16384]
2024-10-24 02:00:11,593 - DEBUG - Calling on_part_data with data[0:16384]
2024-10-24 02:00:11,593 - DEBUG - Calling on_part_data with data[0:32768]
2024-10-24 02:00:11,594 - DEBUG - Calling on_part_data with data[0:16384]
2024-10-24 02:00:11,594 - DEBUG - Calling on_part_data with data[0:16384]
2024-10-24 02:00:11,594 - DEBUG - Calling on_part_data with data[0:16384]
2024-10-24 02:00:11,594 - DEBUG - Calling on_part_data with data[0:16384]
2024-10-24 02:00:11,594 - DEBUG - Calling on_part_data with data[0:32768]
2024-10-24 02:00:11,594 - DEBUG - Calling on_part_data with data[0:16384]
2024-10-24 02:00:11,594 - DEBUG - Calling on_part_data with data[0:32768]
2024-10-24 02:00:11,595 - DEBUG - Calling on_part_data with data[0:65536]
2024-10-24 02:00:11,595 - DEBUG - Calling on_part_data with data[0:32768]
2024-10-24 02:00:11,596 - DEBUG - Calling on_part_data with data[0:65536]
2024-10-24 02:00:11,596 - DEBUG - Calling on_part_data with data[0:32768]
2024-10-24 02:00:11,596 - DEBUG - Calling on_part_data with data[0:32768]
2024-10-24 02:00:11,597 - DEBUG - Calling on_part_data with data[0:49152]
2024-10-24 02:00:11,597 - DEBUG - Calling on_part_data with data[0:32768]
2024-10-24 02:00:11,598 - DEBUG - Calling on_part_data with data[0:16384]
2024-10-24 02:00:11,599 - DEBUG - Calling on_part_data with data[0:32768]
2024-10-24 02:00:11,605 - DEBUG - Calling on_part_data with data[0:81920]
2024-10-24 02:00:11,606 - DEBUG - Calling on_part_data with data[0:131072]
2024-10-24 02:00:11,606 - DEBUG - Calling on_part_data with data[0:131072]
2024-10-24 02:00:11,607 - DEBUG - Calling on_part_data with data[0:81920]
2024-10-24 02:00:11,607 - DEBUG - Calling on_part_data with data[0:81920]
2024-10-24 02:00:11,608 - DEBUG - Calling on_part_data with data[0:65536]
2024-10-24 02:00:11,608 - DEBUG - Calling on_part_data with data[0:49152]
2024-10-24 02:00:11,609 - DEBUG - Calling on_part_data with data[0:65536]
2024-10-24 02:00:11,609 - DEBUG - Calling on_part_data with data[0:49152]
2024-10-24 02:00:11,609 - DEBUG - Calling on_part_data with data[0:65536]
2024-10-24 02:00:11,610 - DEBUG - Calling on_part_data with data[0:49152]
2024-10-24 02:00:11,610 - DEBUG - Calling on_part_data with data[0:49152]
2024-10-24 02:00:11,611 - DEBUG - Calling on_part_data with data[0:49152]
2024-10-24 02:00:11,611 - DEBUG - Calling on_part_data with data[0:49152]
2024-10-24 02:00:11,611 - DEBUG - Calling on_part_data with data[0:49152]
2024-10-24 02:00:11,612 - DEBUG - Calling on_part_data with data[0:49152]
2024-10-24 02:00:11,612 - DEBUG - Calling on_part_data with data[0:65536]
2024-10-24 02:00:11,613 - DEBUG - Calling on_part_data with data[0:65536]
2024-10-24 02:00:11,613 - DEBUG - Calling on_part_data with data[0:49152]
2024-10-24 02:00:11,614 - DEBUG - Calling on_part_data with data[0:65536]
2024-10-24 02:00:11,614 - DEBUG - Calling on_part_data with data[0:49152]
2024-10-24 02:00:11,614 - DEBUG - Calling on_part_data with data[0:49152]
2024-10-24 02:00:11,615 - DEBUG - Calling on_part_data with data[0:65536]
2024-10-24 02:00:11,615 - DEBUG - Calling on_part_data with data[0:49152]
2024-10-24 02:00:11,616 - DEBUG - Calling on_part_data with data[0:49152]
2024-10-24 02:00:11,616 - DEBUG - Calling on_part_data with data[0:65536]
2024-10-24 02:00:11,617 - DEBUG - Calling on_part_data with data[0:49152]
2024-10-24 02:00:11,617 - DEBUG - Calling on_part_data with data[0:65536]
2024-10-24 02:00:11,618 - DEBUG - Calling on_part_data with data[0:65536]
2024-10-24 02:00:11,618 - DEBUG - Calling on_part_data with data[0:49152]
2024-10-24 02:00:11,618 - DEBUG - Calling on_part_data with data[0:49152]
2024-10-24 02:00:11,619 - DEBUG - Calling on_part_data with data[0:49152]
2024-10-24 02:00:11,619 - DEBUG - Calling on_part_data with data[0:49152]
2024-10-24 02:00:11,620 - DEBUG - Calling on_part_data with data[0:65536]
2024-10-24 02:00:11,620 - DEBUG - Calling on_part_data with data[0:49152]
2024-10-24 02:00:11,620 - DEBUG - Calling on_part_data with data[0:49152]
2024-10-24 02:00:11,621 - DEBUG - Calling on_part_data with data[0:65536]
2024-10-24 02:00:11,621 - DEBUG - Calling on_part_data with data[0:49152]
2024-10-24 02:00:11,622 - DEBUG - Calling on_part_data with data[0:65536]
2024-10-24 02:00:11,622 - DEBUG - Calling on_part_data with data[0:49152]
2024-10-24 02:00:11,623 - DEBUG - Calling on_part_data with data[0:49152]
2024-10-24 02:00:11,623 - DEBUG - Calling on_part_data with data[0:49152]
2024-10-24 02:00:11,623 - DEBUG - Calling on_part_data with data[0:49152]
2024-10-24 02:00:11,624 - DEBUG - Calling on_part_data with data[0:65536]
2024-10-24 02:00:11,624 - DEBUG - Calling on_part_data with data[0:49152]
2024-10-24 02:00:11,625 - DEBUG - Calling on_part_data with data[0:49152]
2024-10-24 02:00:11,625 - DEBUG - Calling on_part_data with data[0:81920]
2024-10-24 02:00:11,626 - DEBUG - Calling on_part_data with data[0:81920]
2024-10-24 02:00:11,626 - DEBUG - Calling on_part_data with data[0:49152]
2024-10-24 02:00:11,627 - DEBUG - Calling on_part_data with data[0:65536]
2024-10-24 02:00:11,627 - DEBUG - Calling on_part_data with data[0:65536]
2024-10-24 02:00:11,627 - DEBUG - Calling on_part_data with data[0:49152]
2024-10-24 02:00:11,628 - DEBUG - Calling on_part_data with data[0:49152]
2024-10-24 02:00:11,628 - DEBUG - Calling on_part_data with data[0:49152]
2024-10-24 02:00:11,629 - DEBUG - Calling on_part_data with data[0:49152]
2024-10-24 02:00:11,629 - DEBUG - Calling on_part_data with data[0:65536]
2024-10-24 02:00:11,630 - DEBUG - Calling on_part_data with data[0:49152]
2024-10-24 02:00:11,630 - DEBUG - Calling on_part_data with data[0:65536]
2024-10-24 02:00:11,630 - DEBUG - Calling on_part_data with data[0:49152]
2024-10-24 02:00:11,631 - DEBUG - Calling on_part_data with data[0:65536]
2024-10-24 02:00:11,631 - DEBUG - Calling on_part_data with data[0:49152]
2024-10-24 02:00:11,632 - DEBUG - Calling on_part_data with data[0:65536]
2024-10-24 02:00:11,632 - DEBUG - Calling on_part_data with data[0:49152]
2024-10-24 02:00:11,632 - DEBUG - Calling on_part_data with data[0:49152]
2024-10-24 02:00:11,633 - DEBUG - Calling on_part_data with data[0:65536]
2024-10-24 02:00:11,633 - DEBUG - Calling on_part_data with data[0:65536]
2024-10-24 02:00:11,634 - DEBUG - Calling on_part_data with data[0:49152]
2024-10-24 02:00:11,634 - DEBUG - Calling on_part_data with data[0:32768]
2024-10-24 02:00:11,635 - DEBUG - Calling on_part_data with data[0:65536]
2024-10-24 02:00:11,635 - DEBUG - Calling on_part_data with data[0:65536]
2024-10-24 02:00:11,636 - DEBUG - Calling on_part_data with data[0:49152]
2024-10-24 02:00:11,636 - DEBUG - Calling on_part_data with data[0:49152]
2024-10-24 02:00:11,636 - DEBUG - Calling on_part_data with data[0:65536]
2024-10-24 02:00:11,637 - DEBUG - Calling on_part_data with data[0:49152]
2024-10-24 02:00:11,637 - DEBUG - Calling on_part_data with data[0:65536]
2024-10-24 02:00:11,638 - DEBUG - Calling on_part_data with data[0:49152]
2024-10-24 02:00:11,638 - DEBUG - Calling on_part_data with data[0:32768]
2024-10-24 02:00:11,638 - DEBUG - Calling on_part_data with data[0:65536]
2024-10-24 02:00:11,639 - DEBUG - Calling on_part_data with data[0:49152]
2024-10-24 02:00:11,639 - DEBUG - Calling on_part_data with data[0:49152]
2024-10-24 02:00:11,640 - DEBUG - Calling on_part_data with data[0:65536]
2024-10-24 02:00:11,640 - DEBUG - Calling on_part_data with data[0:49152]
2024-10-24 02:00:11,641 - DEBUG - Calling on_part_data with data[0:65536]
2024-10-24 02:00:11,641 - DEBUG - Calling on_part_data with data[0:49151]
2024-10-24 02:00:11,641 - DEBUG - Calling on_part_data with data[0:1]
2024-10-24 02:00:11,641 - DEBUG - Calling on_part_data with data[0:49152]
2024-10-24 02:00:11,642 - DEBUG - Calling on_part_data with data[0:81920]
2024-10-24 02:00:11,643 - DEBUG - Calling on_part_data with data[0:81920]
2024-10-24 02:00:11,643 - DEBUG - Calling on_part_data with data[0:49152]
2024-10-24 02:00:11,643 - DEBUG - Calling on_part_data with data[0:65536]
2024-10-24 02:00:11,644 - DEBUG - Calling on_part_data with data[0:114688]
2024-10-24 02:00:11,644 - DEBUG - Calling on_part_data with data[0:114688]
2024-10-24 02:00:11,645 - DEBUG - Calling on_part_data with data[0:114688]
2024-10-24 02:00:11,645 - DEBUG - Calling on_part_data with data[0:98304]
2024-10-24 02:00:11,646 - DEBUG - Calling on_part_data with data[0:131072]
2024-10-24 02:00:11,646 - DEBUG - Calling on_part_data with data[0:131072]
2024-10-24 02:00:11,647 - DEBUG - Calling on_part_data with data[0:128365]
2024-10-24 02:00:11,647 - DEBUG - Calling on_part_end with no data
2024-10-24 02:00:11,647 - DEBUG - Calling on_end with no data
2024-10-24 02:00:11,651 - INFO - Received file: 1.mp3, size=7156968 bytes
2024-10-24 02:00:11,651 - DEBUG - File contents (first 100 bytes): b'ID3\x03\x00\x00\x00\x05\x1fvTIT2\x00\x00\x00#\x00\x00\x01\xff\xfe\x1f\x04A\x048\x04E\x04>\x04?\x040\x04B\x04-\x00;\x04C\x04=\x040\x04B\x048\x04:\x04TPE1\x00\x00\x00\x0f\x00\x00\x01\xff\xfeK\x00I\x00Z\x00A\x00R\x00U\x00TALB\x00\x00\x00\x19\x00\x00\x01\xff\xfeK\x00a\x00r\x00m'
2024-10-24 02:00:11,653 - DEBUG - Trying to process audio file: uploaded_docx/8576612d-1736-4e93-aaf0-b68d0fd21ef3.mp3
2024-10-24 02:00:11,658 - DEBUG - Starting new HTTPS connection (1): huggingface.co:443
2024-10-24 02:00:11,836 - DEBUG - https://huggingface.co:443 "GET /api/models/Systran/faster-whisper-large-v3/revision/main HTTP/11" 200 3175
2024-10-24 02:00:21,134 - ERROR - Error processing audio file uploaded_docx/8576612d-1736-4e93-aaf0-b68d0fd21ef3.mp3: Model has been downloaded but the SHA256 checksum does not not match. Please retry loading the model.
2024-10-24 02:00:21,176 - DEBUG - Result from audio_to_text: {} (type: <class 'dict'>)
2024-10-24 02:00:21,176 - DEBUG - Data from getLectureInfo: {} (type: <class 'dict'>)
2024-10-24 02:00:21,176 - ERROR - Error uploading lecture: Doc.segment() missing 1 required positional argument: 'segmenter'
